AndroidPlatformFactory.RegisterBuildPlatforms: UnrealBuildTool.AndroidPlatformSDK has no valid SDK
IOSPlatformFactory.RegisterBuildPlatforms: UnrealBuildTool.IOSPlatformSDK using manually installed SDK
LinuxPlatformFactory.RegisterBuildPlatforms: UnrealBuildTool.LinuxPlatformSDK has no valid SDK
WindowsPlatformFactory.RegisterBuildPlatforms: UnrealBuildTool.WindowsPlatformSDK using manually installed SDK
ProjectFileGenerator.GenerateProjectFiles: Discovering modules, targets and source code for project...
WindowsPlatform.FindVSInstallDirs: Found Visual Studio installation: C:\Program Files (x86)\Microsoft Visual Studio\2019\Community (Product=Microsoft.VisualStudio.Product.Community, Version=16.5.30011.22, Sort=0)
WindowsPlatform.FindToolChainDirs: Found Visual Studio toolchain: C:\Program Files (x86)\Microsoft Visual Studio\2019\Community\VC\Tools\MSVC\14.25.28610 (Version=14.25.28614)
WindowsPlatform.EnumerateSdkRootDirs: Found Windows 10 SDK root at C:\Program Files (x86)\Windows Kits\10 (1)
WindowsPlatform.EnumerateSdkRootDirs: Found Windows 10 SDK root at C:\Program Files (x86)\Windows Kits\10 (2)
WindowsPlatform.UpdateCachedWindowsSdks: Found Windows 10 SDK version 10.0.18362.0 at C:\Program Files (x86)\Windows Kits\10
WindowsPlatform.UpdateCachedWindowsSdks: Found Universal CRT version 10.0.18362.0 at C:\Program Files (x86)\Windows Kits\10
DynamicCompilation.RequiresCompilation: Compiling D:\Graphics_Files\FrostPainterTool\FrostPainterV2\Intermediate\Build\BuildRules\FrostPainterV2ModuleRules.dll: Added source file (D:\Graphics_Files\FrostPainterTool\FrostPainterV2\Source\FrostPainterV2Editor\FrostPainterV2Editor.Build.cs)
DynamicCompilation.CompileAssembly: While compiling D:\Graphics_Files\FrostPainterTool\FrostPainterV2\Intermediate\Build\BuildRules\FrostPainterV2ModuleRules.dll:
DynamicCompilation.CompileAssembly: d:\Graphics_Files\FrostPainterTool\FrostPainterV2\Source\FrostPainterV2Editor\FrostPainterV2Editor.Build.cs(7,9) : error CS1520: Method must have a return type
DynamicCompilation.CompileAssembly: d:\Graphics_Files\FrostPainterTool\FrostPainterV2\Source\FrostPainterV2Editor\FrostPainterV2Editor.Build.cs(7,58) : error CS1002: ; expected
DynamicCompilation.CompileAssembly: d:\Graphics_Files\FrostPainterTool\FrostPainterV2\Source\FrostPainterV2Editor\FrostPainterV2Editor.Build.cs(7,71) : error CS1519: Invalid token ')' in class, struct, or interface member declaration
DynamicCompilation.CompileAssembly: d:\Graphics_Files\FrostPainterTool\FrostPainterV2\Source\FrostPainterV2Editor\FrostPainterV2Editor.Build.cs(9,12) : error CS1519: Invalid token '=' in class, struct, or interface member declaration
DynamicCompilation.CompileAssembly: d:\Graphics_Files\FrostPainterTool\FrostPainterV2\Source\FrostPainterV2Editor\FrostPainterV2Editor.Build.cs(9,50) : error CS1519: Invalid token ';' in class, struct, or interface member declaration
DynamicCompilation.CompileAssembly: d:\Graphics_Files\FrostPainterTool\FrostPainterV2\Source\FrostPainterV2Editor\FrostPainterV2Editor.Build.cs(11,39) : error CS1519: Invalid token '(' in class, struct, or interface member declaration
DynamicCompilation.CompileAssembly: d:\Graphics_Files\FrostPainterTool\FrostPainterV2\Source\FrostPainterV2Editor\FrostPainterV2Editor.Build.cs(11,53) : error CS1519: Invalid token '{' in class, struct, or interface member declaration
DynamicCompilation.CompileAssembly: d:\Graphics_Files\FrostPainterTool\FrostPainterV2\Source\FrostPainterV2Editor\FrostPainterV2Editor.Build.cs(11,101) : error CS0116: A namespace cannot directly contain members such as fields or methods
DynamicCompilation.CompileAssembly: d:\Graphics_Files\FrostPainterTool\FrostPainterV2\Source\FrostPainterV2Editor\FrostPainterV2Editor.Build.cs(13,44) : error CS1518: Expected class, delegate, enum, interface, or struct
DynamicCompilation.CompileAssembly: d:\Graphics_Files\FrostPainterTool\FrostPainterV2\Source\FrostPainterV2Editor\FrostPainterV2Editor.Build.cs(13,51) : error CS1001: Identifier expected
DynamicCompilation.CompileAssembly: d:\Graphics_Files\FrostPainterTool\FrostPainterV2\Source\FrostPainterV2Editor\FrostPainterV2Editor.Build.cs(13,53) : error CS1518: Expected class, delegate, enum, interface, or struct
DynamicCompilation.CompileAssembly: d:\Graphics_Files\FrostPainterTool\FrostPainterV2\Source\FrostPainterV2Editor\FrostPainterV2Editor.Build.cs(13,72) : error CS1022: Type or namespace definition, or end-of-file expected
UnrealBuildTool.Main: ERROR: Unable to compile source files.
UnrealBuildTool.Main: BuildException: Unable to compile source files.
UnrealBuildTool.Main:    at UnrealBuildTool.DynamicCompilation.CompileAssembly(FileReference OutputAssemblyPath, HashSet`1 SourceFileNames, List`1 ReferencedAssembies, List`1 PreprocessorDefines, Boolean TreatWarningsAsErrors) in D:\Build\++UE4\Sync\Engine\Saved\CsTools\Engine\Source\Programs\UnrealBuildTool\System\DynamicCompilation.cs:line 375
UnrealBuildTool.Main:    at UnrealBuildTool.DynamicCompilation.CompileAndLoadAssembly(FileReference OutputAssemblyPath, HashSet`1 SourceFileNames, List`1 ReferencedAssembies, List`1 PreprocessorDefines, Boolean DoNotCompile, Boolean TreatWarningsAsErrors) in D:\Build\++UE4\Sync\Engine\Saved\CsTools\Engine\Source\Programs\UnrealBuildTool\System\DynamicCompilation.cs:line 442
UnrealBuildTool.Main:    at UnrealBuildTool.RulesAssembly..ctor(RulesScope Scope, DirectoryReference BaseDir, IReadOnlyList`1 Plugins, Dictionary`2 ModuleFileToContext, List`1 TargetFiles, FileReference AssemblyFileName, Boolean bContainsEngineModules, Nullable`1 DefaultBuildSettings, Boolean bReadOnly, Boolean bSkipCompile, RulesAssembly Parent) in D:\Build\++UE4\Sync\Engine\Saved\CsTools\Engine\Source\Programs\UnrealBuildTool\System\RulesAssembly.cs:line 115
UnrealBuildTool.Main:    at UnrealBuildTool.RulesCompiler.CreateProjectRulesAssembly(FileReference ProjectFileName, Boolean bUsePrecompiled, Boolean bSkipCompile) in D:\Build\++UE4\Sync\Engine\Saved\CsTools\Engine\Source\Programs\UnrealBuildTool\System\RulesCompiler.cs:line 592
UnrealBuildTool.Main:    at UnrealBuildTool.ProjectFileGenerator.AddProjectsForAllTargets(PlatformProjectGeneratorCollection PlatformProjectGenerators, List`1 AllGames, List`1 AllTargetFiles, ProjectFile& EngineProject, ProjectFile& EnterpriseProject, List`1& GameProjects, Dictionary`2& ProgramProjects) in D:\Build\++UE4\Sync\Engine\Saved\CsTools\Engine\Source\Programs\UnrealBuildTool\ProjectFiles\ProjectFileGenerator.cs:line 2219
UnrealBuildTool.Main:    at UnrealBuildTool.ProjectFileGenerator.GenerateProjectFiles(PlatformProjectGeneratorCollection PlatformProjectGenerators, String[] Arguments) in D:\Build\++UE4\Sync\Engine\Saved\CsTools\Engine\Source\Programs\UnrealBuildTool\ProjectFiles\ProjectFileGenerator.cs:line 720
UnrealBuildTool.Main:    at UnrealBuildTool.GenerateProjectFilesMode.Execute(CommandLineArguments Arguments) in D:\Build\++UE4\Sync\Engine\Saved\CsTools\Engine\Source\Programs\UnrealBuildTool\Modes\GenerateProjectFilesMode.cs:line 176
UnrealBuildTool.Main:    at UnrealBuildTool.UnrealBuildTool.Main(String[] ArgumentsArray) in D:\Build\++UE4\Sync\Engine\Saved\CsTools\Engine\Source\Programs\UnrealBuildTool\UnrealBuildTool.cs:line 517
Timeline.Print: Timeline:
Timeline.Print: 
Timeline.Print: [ 0.000]
Timeline.Print: [ 0.000](+0.034) <unknown>
Timeline.Print: [ 0.034](+0.093) XmlConfig.ReadConfigFiles()
Timeline.Print: [ 0.128](+0.000) SingleInstanceMutex.Acquire()
Timeline.Print: [ 0.128](+0.096) UEBuildPlatform.RegisterPlatforms()
Timeline.Print:   0.129          [ 0.000](+0.066) Initializing InstalledPlatformInfo
Timeline.Print:   0.195          [ 0.066](+0.000) Querying types
Timeline.Print:   0.196          [ 0.068](+0.001) MacPlatformFactory
Timeline.Print:   0.198          [ 0.069](+0.000) TVOSPlatformFactory
Timeline.Print:   0.198          [ 0.070](+0.009) AndroidPlatformFactory
Timeline.Print:   0.208          [ 0.079](+0.000) HoloLensPlatformFactory
Timeline.Print:   0.208          [ 0.080](+0.012) IOSPlatformFactory
Timeline.Print:   0.221          [ 0.093](+0.002) LinuxPlatformFactory
Timeline.Print:   0.223          [ 0.095](+0.000) LuminPlatformFactory
Timeline.Print:   0.223          [ 0.095](+0.001) WindowsPlatformFactory
Timeline.Print: [ 0.225](+0.987) <unknown>
Timeline.Print: [ 1.212](+0.001) Finding engine modules
Timeline.Print: [ 1.214](+0.003) Finding plugin modules
Timeline.Print: [ 1.217](+0.147) <unknown>
Timeline.Print: [ 1.364](+0.000) Finding program modules
Timeline.Print: [ 1.364](+0.000) Finding program targets
Timeline.Print: [ 1.364](+0.405) <unknown>
Timeline.Print: [ 1.770](+0.047) Compiling rules assembly (FrostPainterV2ModuleRules.dll)
Timeline.Print: [ 1.833](+0.000) FileMetadataPrefetch.Stop()
Timeline.Print: [ 1.836]
