AndroidPlatformFactory.RegisterBuildPlatforms: UnrealBuildTool.AndroidPlatformSDK has no valid SDK
IOSPlatformFactory.RegisterBuildPlatforms: UnrealBuildTool.IOSPlatformSDK using manually installed SDK
LinuxPlatformFactory.RegisterBuildPlatforms: UnrealBuildTool.LinuxPlatformSDK has no valid SDK
WindowsPlatformFactory.RegisterBuildPlatforms: UnrealBuildTool.WindowsPlatformSDK using manually installed SDK
ProjectFileGenerator.GenerateProjectFiles: Discovering modules, targets and source code for project...
WindowsPlatform.FindVSInstallDirs: Found Visual Studio installation: C:\Program Files (x86)\Microsoft Visual Studio\2019\Community (Product=Microsoft.VisualStudio.Product.Community, Version=16.5.29911.84, Sort=0)
WindowsPlatform.FindToolChainDirs: Found Visual Studio toolchain: C:\Program Files (x86)\Microsoft Visual Studio\2019\Community\VC\Tools\MSVC\14.25.28610 (Version=14.25.28610)
WindowsPlatform.EnumerateSdkRootDirs: Found Windows 10 SDK root at C:\Program Files (x86)\Windows Kits\10 (1)
WindowsPlatform.EnumerateSdkRootDirs: Found Windows 10 SDK root at C:\Program Files (x86)\Windows Kits\10 (2)
WindowsPlatform.UpdateCachedWindowsSdks: Found Windows 10 SDK version 10.0.18362.0 at C:\Program Files (x86)\Windows Kits\10
WindowsPlatform.UpdateCachedWindowsSdks: Found Universal CRT version 10.0.18362.0 at C:\Program Files (x86)\Windows Kits\10
UnrealBuildTool.Main: ERROR: Expecting to find a type to be declared in a target rules named 'FrostEditorTarget'.  This type must derive from the 'TargetRules' type defined by Unreal Build Tool.
UnrealBuildTool.Main: BuildException: Expecting to find a type to be declared in a target rules named 'FrostEditorTarget'.  This type must derive from the 'TargetRules' type defined by Unreal Build Tool.
UnrealBuildTool.Main:    at UnrealBuildTool.RulesAssembly.CreateTargetRulesInstance(String TypeName, TargetInfo TargetInfo) in D:\Build\++UE4\Sync\Engine\Saved\CsTools\Engine\Source\Programs\UnrealBuildTool\System\RulesAssembly.cs:line 495
UnrealBuildTool.Main:    at UnrealBuildTool.RulesAssembly.CreateTargetRules(String TargetName, UnrealTargetPlatform Platform, UnrealTargetConfiguration Configuration, String Architecture, FileReference ProjectFile, CommandLineArguments Arguments) in D:\Build\++UE4\Sync\Engine\Saved\CsTools\Engine\Source\Programs\UnrealBuildTool\System\RulesAssembly.cs:line 625
UnrealBuildTool.Main:    at UnrealBuildTool.ProjectFileGenerator.AddProjectsForAllTargets(PlatformProjectGeneratorCollection PlatformProjectGenerators, List`1 AllGames, List`1 AllTargetFiles, ProjectFile& EngineProject, ProjectFile& EnterpriseProject, List`1& GameProjects, Dictionary`2& ProgramProjects) in D:\Build\++UE4\Sync\Engine\Saved\CsTools\Engine\Source\Programs\UnrealBuildTool\ProjectFiles\ProjectFileGenerator.cs:line 2224
UnrealBuildTool.Main:    at UnrealBuildTool.ProjectFileGenerator.GenerateProjectFiles(PlatformProjectGeneratorCollection PlatformProjectGenerators, String[] Arguments) in D:\Build\++UE4\Sync\Engine\Saved\CsTools\Engine\Source\Programs\UnrealBuildTool\ProjectFiles\ProjectFileGenerator.cs:line 720
UnrealBuildTool.Main:    at UnrealBuildTool.GenerateProjectFilesMode.Execute(CommandLineArguments Arguments) in D:\Build\++UE4\Sync\Engine\Saved\CsTools\Engine\Source\Programs\UnrealBuildTool\Modes\GenerateProjectFilesMode.cs:line 176
UnrealBuildTool.Main:    at UnrealBuildTool.UnrealBuildTool.Main(String[] ArgumentsArray) in D:\Build\++UE4\Sync\Engine\Saved\CsTools\Engine\Source\Programs\UnrealBuildTool\UnrealBuildTool.cs:line 517
Timeline.Print: Timeline:
Timeline.Print: 
Timeline.Print: [ 0.000]
Timeline.Print: [ 0.000](+0.040) <unknown>
Timeline.Print: [ 0.040](+0.093) XmlConfig.ReadConfigFiles()
Timeline.Print: [ 0.134](+0.000) SingleInstanceMutex.Acquire()
Timeline.Print: [ 0.134](+0.074) UEBuildPlatform.RegisterPlatforms()
Timeline.Print:   0.135          [ 0.000](+0.038) Initializing InstalledPlatformInfo
Timeline.Print:   0.174          [ 0.039](+0.000) Querying types
Timeline.Print:   0.176          [ 0.041](+0.002) MacPlatformFactory
Timeline.Print:   0.178          [ 0.043](+0.000) TVOSPlatformFactory
Timeline.Print:   0.178          [ 0.043](+0.011) AndroidPlatformFactory
Timeline.Print:   0.189          [ 0.054](+0.000) HoloLensPlatformFactory
Timeline.Print:   0.190          [ 0.055](+0.015) IOSPlatformFactory
Timeline.Print:   0.205          [ 0.070](+0.002) LinuxPlatformFactory
Timeline.Print:   0.208          [ 0.073](+0.000) LuminPlatformFactory
Timeline.Print:   0.208          [ 0.073](+0.001) WindowsPlatformFactory
Timeline.Print: [ 0.209](+0.372) <unknown>
Timeline.Print: [ 0.582](+0.003) Finding engine modules
Timeline.Print: [ 0.585](+0.003) Finding plugin modules
Timeline.Print: [ 0.588](+0.035) <unknown>
Timeline.Print: [ 0.623](+0.000) Finding program modules
Timeline.Print: [ 0.623](+0.000) Finding program targets
Timeline.Print: [ 0.623](+0.127) <unknown>
Timeline.Print: [ 0.751](+0.000) FileMetadataPrefetch.Stop()
Timeline.Print: [ 0.753]
