  Using 'git status' to determine working set for adaptive non-unity build (D:\Graphics_Files\FrostPainterTool).
  Creating makefile for FrostPainterV3Editor (no existing makefile)
  Deleted hot-reload file: D:\Graphics_Files\FrostPainterTool\FrostPainterV3\Binaries\Win64\UE4Editor-FrostPainterV3-0001.dll
  Deleted hot-reload file: D:\Graphics_Files\FrostPainterTool\FrostPainterV3\Binaries\Win64\UE4Editor-FrostPainterV3-0002.dll
  Deleted hot-reload file: D:\Graphics_Files\FrostPainterTool\FrostPainterV3\Intermediate\Build\Win64\UE4Editor\Development\FrostPainterV3Editor\UE4Editor-FrostPainterV3Editor-0001.lib
  Deleted hot-reload file: D:\Graphics_Files\FrostPainterTool\FrostPainterV3\Intermediate\Build\Win64\UE4Editor\Development\FrostPainterV3Editor\UE4Editor-FrostPainterV3Editor-0002.lib
  Deleted hot-reload file: D:\Graphics_Files\FrostPainterTool\FrostPainterV3\Intermediate\Build\Win64\UE4Editor\Development\FrostPainterV3\UE4Editor-FrostPainterV3-0001.lib
  Deleted hot-reload file: D:\Graphics_Files\FrostPainterTool\FrostPainterV3\Intermediate\Build\Win64\UE4Editor\Development\FrostPainterV3\UE4Editor-FrostPainterV3-0002.lib
  Building FrostPainterV3Editor...
  Using Visual Studio 2019 14.25.28614 toolchain (C:\Program Files (x86)\Microsoft Visual Studio\2019\Community\VC\Tools\MSVC\14.25.28610) and Windows 10.0.18362.0 SDK (C:\Program Files (x86)\Windows Kits\10).
  Building 3 actions with 8 processes...
    [1/3] UE4Editor-FrostPainterV3Editor.lib
       Creating library D:\Graphics_Files\FrostPainterTool\FrostPainterV3\Intermediate\Build\Win64\UE4Editor\Development\FrostPainterV3Editor\UE4Editor-FrostPainterV3Editor.lib and object D:\Graphics_Files\FrostPainterTool\FrostPainterV3\Intermediate\Build\Win64\UE4Editor\Development\FrostPainterV3Editor\UE4Editor-FrostPainterV3Editor.exp
    [2/3] UE4Editor-FrostPainterV3Editor.dll
       Creating library D:\Graphics_Files\FrostPainterTool\FrostPainterV3\Intermediate\Build\Win64\UE4Editor\Development\FrostPainterV3Editor\UE4Editor-FrostPainterV3Editor.suppressed.lib and object D:\Graphics_Files\FrostPainterTool\FrostPainterV3\Intermediate\Build\Win64\UE4Editor\Development\FrostPainterV3Editor\UE4Editor-FrostPainterV3Editor.suppressed.exp
FrostPainter.cpp.obj : error LNK2001: unresolved external symbol "protected: virtual void __cdecl UUserWidget::AddToScreen(class ULocalPlayer *,int)" (?AddToScreen@UUserWidget@@MEAAXPEAVULocalPlayer@@H@Z)
FrostPainter.gen.cpp.obj : error LNK2001: unresolved external symbol "protected: virtual void __cdecl UUserWidget::AddToScreen(class ULocalPlayer *,int)" (?AddToScreen@UUserWidget@@MEAAXPEAVULocalPlayer@@H@Z)
FrostPainter.cpp.obj : error LNK2001: unresolved external symbol "public: virtual void __cdecl UUserWidget::BeginDestroy(void)" (?BeginDestroy@UUserWidget@@UEAAXXZ)
FrostPainter.gen.cpp.obj : error LNK2001: unresolved external symbol "public: virtual void __cdecl UUserWidget::BeginDestroy(void)" (?BeginDestroy@UUserWidget@@UEAAXXZ)
FrostPainter.cpp.obj : error LNK2001: unresolved external symbol "public: virtual void __cdecl UWidget::ConnectEditorData(void)" (?ConnectEditorData@UWidget@@UEAAXXZ)
FrostPainter.gen.cpp.obj : error LNK2001: unresolved external symbol "public: virtual void __cdecl UWidget::ConnectEditorData(void)" (?ConnectEditorData@UWidget@@UEAAXXZ)
FrostPainter.cpp.obj : error LNK2001: unresolved external symbol "public: virtual void __cdecl UWidget::FinishDestroy(void)" (?FinishDestroy@UWidget@@UEAAXXZ)
FrostPainter.gen.cpp.obj : error LNK2001: unresolved external symbol "public: virtual void __cdecl UWidget::FinishDestroy(void)" (?FinishDestroy@UWidget@@UEAAXXZ)
FrostPainter.cpp.obj : error LNK2001: unresolved external symbol "protected: virtual class TSharedPtr<class SWidget,0> __cdecl UWidget::GetAccessibleWidget(void)const " (?GetAccessibleWidget@UWidget@@MEBA?AV?$TSharedPtr@VSWidget@@$0A@@@XZ)
FrostPainter.gen.cpp.obj : error LNK2001: unresolved external symbol "protected: virtual class TSharedPtr<class SWidget,0> __cdecl UWidget::GetAccessibleWidget(void)const " (?GetAccessibleWidget@UWidget@@MEBA?AV?$TSharedPtr@VSWidget@@$0A@@@XZ)
FrostPainter.cpp.obj : error LNK2001: unresolved external symbol "public: virtual class UWidget * __cdecl UUserWidget::GetContentForSlot(class FName)const " (?GetContentForSlot@UUserWidget@@UEBAPEAVUWidget@@VFName@@@Z)
FrostPainter.gen.cpp.obj : error LNK2001: unresolved external symbol "public: virtual class UWidget * __cdecl UUserWidget::GetContentForSlot(class FName)const " (?GetContentForSlot@UUserWidget@@UEBAPEAVUWidget@@VFName@@@Z)
FrostPainter.cpp.obj : error LNK2001: unresolved external symbol "public: virtual struct FSlateBrush const * __cdecl UWidget::GetEditorIcon(void)" (?GetEditorIcon@UWidget@@UEAAPEBUFSlateBrush@@XZ)
FrostPainter.gen.cpp.obj : error LNK2001: unresolved external symbol "public: virtual struct FSlateBrush const * __cdecl UWidget::GetEditorIcon(void)" (?GetEditorIcon@UWidget@@UEAAPEBUFSlateBrush@@XZ)
FrostPainter.cpp.obj : error LNK2001: unresolved external symbol "public: virtual class FString __cdecl UWidget::GetLabelMetadata(void)const " (?GetLabelMetadata@UWidget@@UEBA?AVFString@@XZ)
FrostPainter.gen.cpp.obj : error LNK2001: unresolved external symbol "public: virtual class FString __cdecl UWidget::GetLabelMetadata(void)const " (?GetLabelMetadata@UWidget@@UEBA?AVFString@@XZ)
FrostPainter.cpp.obj : error LNK2001: unresolved external symbol "public: virtual class ULocalPlayer * __cdecl UUserWidget::GetOwningLocalPlayer(void)const " (?GetOwningLocalPlayer@UUserWidget@@UEBAPEAVULocalPlayer@@XZ)
FrostPainter.gen.cpp.obj : error LNK2001: unresolved external symbol "public: virtual class ULocalPlayer * __cdecl UUserWidget::GetOwningLocalPlayer(void)const " (?GetOwningLocalPlayer@UUserWidget@@UEBAPEAVULocalPlayer@@XZ)
FrostPainter.cpp.obj : error LNK2001: unresolved external symbol "public: virtual class APlayerController * __cdecl UUserWidget::GetOwningPlayer(void)const " (?GetOwningPlayer@UUserWidget@@UEBAPEAVAPlayerController@@XZ)
FrostPainter.gen.cpp.obj : error LNK2001: unresolved external symbol "public: virtual class APlayerController * __cdecl UUserWidget::GetOwningPlayer(void)const " (?GetOwningPlayer@UUserWidget@@UEBAPEAVAPlayerController@@XZ)
FrostPainter.cpp.obj : error LNK2001: unresolved external symbol "public: virtual class FText const __cdecl UUserWidget::GetPaletteCategory(void)" (?GetPaletteCategory@UUserWidget@@UEAA?BVFText@@XZ)
FrostPainter.gen.cpp.obj : error LNK2001: unresolved external symbol "public: virtual class FText const __cdecl UUserWidget::GetPaletteCategory(void)" (?GetPaletteCategory@UUserWidget@@UEAA?BVFText@@XZ)
FrostPainter.cpp.obj : error LNK2001: unresolved external symbol "public: virtual void __cdecl UUserWidget::GetSlotNames(class TArray<class FName,class TSizedDefaultAllocator<32> > &)const " (?GetSlotNames@UUserWidget@@UEBAXAEAV?$TArray@VFName@@V?$TSizedDefaultAllocator@$0CA@@@@@@Z)
FrostPainter.gen.cpp.obj : error LNK2001: unresolved external symbol "public: virtual void __cdecl UUserWidget::GetSlotNames(class TArray<class FName,class TSizedDefaultAllocator<32> > &)const " (?GetSlotNames@UUserWidget@@UEBAXAEAV?$TArray@VFName@@V?$TSizedDefaultAllocator@$0CA@@@@@@Z)
FrostPainter.cpp.obj : error LNK2001: unresolved external symbol "public: virtual class UWorld * __cdecl UUserWidget::GetWorld(void)const " (?GetWorld@UUserWidget@@UEBAPEAVUWorld@@XZ)
FrostPainter.gen.cpp.obj : error LNK2001: unresolved external symbol "public: virtual class UWorld * __cdecl UUserWidget::GetWorld(void)const " (?GetWorld@UUserWidget@@UEBAPEAVUWorld@@XZ)
FrostPainter.cpp.obj : error LNK2001: unresolved external symbol "public: virtual bool __cdecl UUserWidget::Initialize(void)" (?Initialize@UUserWidget@@UEAA_NXZ)
FrostPainter.gen.cpp.obj : error LNK2001: unresolved external symbol "public: virtual bool __cdecl UUserWidget::Initialize(void)" (?Initialize@UUserWidget@@UEAA_NXZ)
FrostPainter.cpp.obj : error LNK2001: unresolved external symbol "protected: virtual void __cdecl UUserWidget::InitializeInputComponent(void)" (?InitializeInputComponent@UUserWidget@@MEAAXXZ)
FrostPainter.gen.cpp.obj : error LNK2001: unresolved external symbol "protected: virtual void __cdecl UUserWidget::InitializeInputComponent(void)" (?InitializeInputComponent@UUserWidget@@MEAAXXZ)
FrostPainter.cpp.obj : error LNK2001: unresolved external symbol "protected: virtual void __cdecl UUserWidget::InitializeNativeClassData(void)" (?InitializeNativeClassData@UUserWidget@@MEAAXXZ)
FrostPainter.gen.cpp.obj : error LNK2001: unresolved external symbol "protected: virtual void __cdecl UUserWidget::InitializeNativeClassData(void)" (?InitializeNativeClassData@UUserWidget@@MEAAXXZ)
FrostPainter.cpp.obj : error LNK2001: unresolved external symbol "public: virtual bool __cdecl UUserWidget::IsAsset(void)const " (?IsAsset@UUserWidget@@UEBA_NXZ)
FrostPainter.gen.cpp.obj : error LNK2001: unresolved external symbol "public: virtual bool __cdecl UUserWidget::IsAsset(void)const " (?IsAsset@UUserWidget@@UEBA_NXZ)
FrostPainter.cpp.obj : error LNK2001: unresolved external symbol "public: virtual bool __cdecl UWidget::IsDestructionThreadSafe(void)const " (?IsDestructionThreadSafe@UWidget@@UEBA_NXZ)
FrostPainter.gen.cpp.obj : error LNK2001: unresolved external symbol "public: virtual bool __cdecl UWidget::IsDestructionThreadSafe(void)const " (?IsDestructionThreadSafe@UWidget@@UEBA_NXZ)
FrostPainter.cpp.obj : error LNK2001: unresolved external symbol "public: virtual bool __cdecl UWidget::IsHovered(void)const " (?IsHovered@UWidget@@UEBA_NXZ)
FrostPainter.gen.cpp.obj : error LNK2001: unresolved external symbol "public: virtual bool __cdecl UWidget::IsHovered(void)const " (?IsHovered@UWidget@@UEBA_NXZ)
FrostPainter.cpp.obj : error LNK2001: unresolved external symbol "public: virtual bool __cdecl UWidget::Modify(bool)" (?Modify@UWidget@@UEAA_N_N@Z)
FrostPainter.gen.cpp.obj : error LNK2001: unresolved external symbol "public: virtual bool __cdecl UWidget::Modify(bool)" (?Modify@UWidget@@UEAA_N_N@Z)
FrostPainter.cpp.obj : error LNK2001: unresolved external symbol "protected: virtual void __cdecl UUserWidget::NativeConstruct(void)" (?NativeConstruct@UUserWidget@@MEAAXXZ)
FrostPainter.gen.cpp.obj : error LNK2001: unresolved external symbol "protected: virtual void __cdecl UUserWidget::NativeConstruct(void)" (?NativeConstruct@UUserWidget@@MEAAXXZ)
FrostPainter.cpp.obj : error LNK2001: unresolved external symbol "protected: virtual void __cdecl UUserWidget::NativeDestruct(void)" (?NativeDestruct@UUserWidget@@MEAAXXZ)
FrostPainter.gen.cpp.obj : error LNK2001: unresolved external symbol "protected: virtual void __cdecl UUserWidget::NativeDestruct(void)" (?NativeDestruct@UUserWidget@@MEAAXXZ)
FrostPainter.cpp.obj : error LNK2001: unresolved external symbol "protected: virtual bool __cdecl UUserWidget::NativeIsInteractable(void)const " (?NativeIsInteractable@UUserWidget@@MEBA_NXZ)
FrostPainter.gen.cpp.obj : error LNK2001: unresolved external symbol "protected: virtual bool __cdecl UUserWidget::NativeIsInteractable(void)const " (?NativeIsInteractable@UUserWidget@@MEBA_NXZ)
FrostPainter.cpp.obj : error LNK2001: unresolved external symbol "protected: virtual void __cdecl UUserWidget::NativeOnAddedToFocusPath(struct FFocusEvent const &)" (?NativeOnAddedToFocusPath@UUserWidget@@MEAAXAEBUFFocusEvent@@@Z)
FrostPainter.gen.cpp.obj : error LNK2001: unresolved external symbol "protected: virtual void __cdecl UUserWidget::NativeOnAddedToFocusPath(struct FFocusEvent const &)" (?NativeOnAddedToFocusPath@UUserWidget@@MEAAXAEBUFFocusEvent@@@Z)
FrostPainter.cpp.obj : error LNK2001: unresolved external symbol "protected: virtual class FReply __cdecl UUserWidget::NativeOnAnalogValueChanged(struct FGeometry const &,struct FAnalogInputEvent const &)" (?NativeOnAnalogValueChanged@UUserWidget@@MEAA?AVFReply@@AEBUFGeometry@@AEBUFAnalogInputEvent@@@Z)
FrostPainter.gen.cpp.obj : error LNK2001: unresolved external symbol "protected: virtual class FReply __cdecl UUserWidget::NativeOnAnalogValueChanged(struct FGeometry const &,struct FAnalogInputEvent const &)" (?NativeOnAnalogValueChanged@UUserWidget@@MEAA?AVFReply@@AEBUFGeometry@@AEBUFAnalogInputEvent@@@Z)
FrostPainter.cpp.obj : error LNK2001: unresolved external symbol "protected: virtual class FCursorReply __cdecl UUserWidget::NativeOnCursorQuery(struct FGeometry const &,struct FPointerEvent const &)" (?NativeOnCursorQuery@UUserWidget@@MEAA?AVFCursorReply@@AEBUFGeometry@@AEBUFPointerEvent@@@Z)
FrostPainter.gen.cpp.obj : error LNK2001: unresolved external symbol "protected: virtual class FCursorReply __cdecl UUserWidget::NativeOnCursorQuery(struct FGeometry const &,struct FPointerEvent const &)" (?NativeOnCursorQuery@UUserWidget@@MEAA?AVFCursorReply@@AEBUFGeometry@@AEBUFPointerEvent@@@Z)
FrostPainter.cpp.obj : error LNK2001: unresolved external symbol "protected: virtual void __cdecl UUserWidget::NativeOnDragCancelled(class FDragDropEvent const &,class UDragDropOperation *)" (?NativeOnDragCancelled@UUserWidget@@MEAAXAEBVFDragDropEvent@@PEAVUDragDropOperation@@@Z)
FrostPainter.gen.cpp.obj : error LNK2001: unresolved external symbol "protected: virtual void __cdecl UUserWidget::NativeOnDragCancelled(class FDragDropEvent const &,class UDragDropOperation *)" (?NativeOnDragCancelled@UUserWidget@@MEAAXAEBVFDragDropEvent@@PEAVUDragDropOperation@@@Z)
FrostPainter.cpp.obj : error LNK2001: unresolved external symbol "protected: virtual void __cdecl UUserWidget::NativeOnDragDetected(struct FGeometry const &,struct FPointerEvent const &,class UDragDropOperation * &)" (?NativeOnDragDetected@UUserWidget@@MEAAXAEBUFGeometry@@AEBUFPointerEvent@@AEAPEAVUDragDropOperation@@@Z)
FrostPainter.gen.cpp.obj : error LNK2001: unresolved external symbol "protected: virtual void __cdecl UUserWidget::NativeOnDragDetected(struct FGeometry const &,struct FPointerEvent const &,class UDragDropOperation * &)" (?NativeOnDragDetected@UUserWidget@@MEAAXAEBUFGeometry@@AEBUFPointerEvent@@AEAPEAVUDragDropOperation@@@Z)
FrostPainter.cpp.obj : error LNK2001: unresolved external symbol "protected: virtual void __cdecl UUserWidget::NativeOnDragEnter(struct FGeometry const &,class FDragDropEvent const &,class UDragDropOperation *)" (?NativeOnDragEnter@UUserWidget@@MEAAXAEBUFGeometry@@AEBVFDragDropEvent@@PEAVUDragDropOperation@@@Z)
FrostPainter.gen.cpp.obj : error LNK2001: unresolved external symbol "protected: virtual void __cdecl UUserWidget::NativeOnDragEnter(struct FGeometry const &,class FDragDropEvent const &,class UDragDropOperation *)" (?NativeOnDragEnter@UUserWidget@@MEAAXAEBUFGeometry@@AEBVFDragDropEvent@@PEAVUDragDropOperation@@@Z)
FrostPainter.cpp.obj : error LNK2001: unresolved external symbol "protected: virtual void __cdecl UUserWidget::NativeOnDragLeave(class FDragDropEvent const &,class UDragDropOperation *)" (?NativeOnDragLeave@UUserWidget@@MEAAXAEBVFDragDropEvent@@PEAVUDragDropOperation@@@Z)
FrostPainter.gen.cpp.obj : error LNK2001: unresolved external symbol "protected: virtual void __cdecl UUserWidget::NativeOnDragLeave(class FDragDropEvent const &,class UDragDropOperation *)" (?NativeOnDragLeave@UUserWidget@@MEAAXAEBVFDragDropEvent@@PEAVUDragDropOperation@@@Z)
FrostPainter.cpp.obj : error LNK2001: unresolved external symbol "protected: virtual bool __cdecl UUserWidget::NativeOnDragOver(struct FGeometry const &,class FDragDropEvent const &,class UDragDropOperation *)" (?NativeOnDragOver@UUserWidget@@MEAA_NAEBUFGeometry@@AEBVFDragDropEvent@@PEAVUDragDropOperation@@@Z)
FrostPainter.gen.cpp.obj : error LNK2001: unresolved external symbol "protected: virtual bool __cdecl UUserWidget::NativeOnDragOver(struct FGeometry const &,class FDragDropEvent const &,class UDragDropOperation *)" (?NativeOnDragOver@UUserWidget@@MEAA_NAEBUFGeometry@@AEBVFDragDropEvent@@PEAVUDragDropOperation@@@Z)
FrostPainter.cpp.obj : error LNK2001: unresolved external symbol "protected: virtual bool __cdecl UUserWidget::NativeOnDrop(struct FGeometry const &,class FDragDropEvent const &,class UDragDropOperation *)" (?NativeOnDrop@UUserWidget@@MEAA_NAEBUFGeometry@@AEBVFDragDropEvent@@PEAVUDragDropOperation@@@Z)
FrostPainter.gen.cpp.obj : error LNK2001: unresolved external symbol "protected: virtual bool __cdecl UUserWidget::NativeOnDrop(struct FGeometry const &,class FDragDropEvent const &,class UDragDropOperation *)" (?NativeOnDrop@UUserWidget@@MEAA_NAEBUFGeometry@@AEBVFDragDropEvent@@PEAVUDragDropOperation@@@Z)
FrostPainter.cpp.obj : error LNK2001: unresolved external symbol "protected: virtual void __cdecl UUserWidget::NativeOnFocusChanging(class FWeakWidgetPath const &,class FWidgetPath const &,struct FFocusEvent const &)" (?NativeOnFocusChanging@UUserWidget@@MEAAXAEBVFWeakWidgetPath@@AEBVFWidgetPath@@AEBUFFocusEvent@@@Z)
FrostPainter.gen.cpp.obj : error LNK2001: unresolved external symbol "protected: virtual void __cdecl UUserWidget::NativeOnFocusChanging(class FWeakWidgetPath const &,class FWidgetPath const &,struct FFocusEvent const &)" (?NativeOnFocusChanging@UUserWidget@@MEAAXAEBVFWeakWidgetPath@@AEBVFWidgetPath@@AEBUFFocusEvent@@@Z)
FrostPainter.cpp.obj : error LNK2001: unresolved external symbol "protected: virtual void __cdecl UUserWidget::NativeOnFocusLost(struct FFocusEvent const &)" (?NativeOnFocusLost@UUserWidget@@MEAAXAEBUFFocusEvent@@@Z)
FrostPainter.gen.cpp.obj : error LNK2001: unresolved external symbol "protected: virtual void __cdecl UUserWidget::NativeOnFocusLost(struct FFocusEvent const &)" (?NativeOnFocusLost@UUserWidget@@MEAAXAEBUFFocusEvent@@@Z)
FrostPainter.cpp.obj : error LNK2001: unresolved external symbol "protected: virtual class FReply __cdecl UUserWidget::NativeOnFocusReceived(struct FGeometry const &,struct FFocusEvent const &)" (?NativeOnFocusReceived@UUserWidget@@MEAA?AVFReply@@AEBUFGeometry@@AEBUFFocusEvent@@@Z)
FrostPainter.gen.cpp.obj : error LNK2001: unresolved external symbol "protected: virtual class FReply __cdecl UUserWidget::NativeOnFocusReceived(struct FGeometry const &,struct FFocusEvent const &)" (?NativeOnFocusReceived@UUserWidget@@MEAA?AVFReply@@AEBUFGeometry@@AEBUFFocusEvent@@@Z)
FrostPainter.cpp.obj : error LNK2001: unresolved external symbol "protected: virtual void __cdecl UUserWidget::NativeOnInitialized(void)" (?NativeOnInitialized@UUserWidget@@MEAAXXZ)
FrostPainter.gen.cpp.obj : error LNK2001: unresolved external symbol "protected: virtual void __cdecl UUserWidget::NativeOnInitialized(void)" (?NativeOnInitialized@UUserWidget@@MEAAXXZ)
FrostPainter.cpp.obj : error LNK2001: unresolved external symbol "protected: virtual class FReply __cdecl UUserWidget::NativeOnKeyChar(struct FGeometry const &,struct FCharacterEvent const &)" (?NativeOnKeyChar@UUserWidget@@MEAA?AVFReply@@AEBUFGeometry@@AEBUFCharacterEvent@@@Z)
FrostPainter.gen.cpp.obj : error LNK2001: unresolved external symbol "protected: virtual class FReply __cdecl UUserWidget::NativeOnKeyChar(struct FGeometry const &,struct FCharacterEvent const &)" (?NativeOnKeyChar@UUserWidget@@MEAA?AVFReply@@AEBUFGeometry@@AEBUFCharacterEvent@@@Z)
FrostPainter.cpp.obj : error LNK2001: unresolved external symbol "protected: virtual class FReply __cdecl UUserWidget::NativeOnKeyDown(struct FGeometry const &,struct FKeyEvent const &)" (?NativeOnKeyDown@UUserWidget@@MEAA?AVFReply@@AEBUFGeometry@@AEBUFKeyEvent@@@Z)
FrostPainter.gen.cpp.obj : error LNK2001: unresolved external symbol "protected: virtual class FReply __cdecl UUserWidget::NativeOnKeyDown(struct FGeometry const &,struct FKeyEvent const &)" (?NativeOnKeyDown@UUserWidget@@MEAA?AVFReply@@AEBUFGeometry@@AEBUFKeyEvent@@@Z)
FrostPainter.cpp.obj : error LNK2001: unresolved external symbol "protected: virtual class FReply __cdecl UUserWidget::NativeOnKeyUp(struct FGeometry const &,struct FKeyEvent const &)" (?NativeOnKeyUp@UUserWidget@@MEAA?AVFReply@@AEBUFGeometry@@AEBUFKeyEvent@@@Z)
FrostPainter.gen.cpp.obj : error LNK2001: unresolved external symbol "protected: virtual class FReply __cdecl UUserWidget::NativeOnKeyUp(struct FGeometry const &,struct FKeyEvent const &)" (?NativeOnKeyUp@UUserWidget@@MEAA?AVFReply@@AEBUFGeometry@@AEBUFKeyEvent@@@Z)
FrostPainter.cpp.obj : error LNK2001: unresolved external symbol "protected: virtual class FReply __cdecl UUserWidget::NativeOnMotionDetected(struct FGeometry const &,struct FMotionEvent const &)" (?NativeOnMotionDetected@UUserWidget@@MEAA?AVFReply@@AEBUFGeometry@@AEBUFMotionEvent@@@Z)
FrostPainter.gen.cpp.obj : error LNK2001: unresolved external symbol "protected: virtual class FReply __cdecl UUserWidget::NativeOnMotionDetected(struct FGeometry const &,struct FMotionEvent const &)" (?NativeOnMotionDetected@UUserWidget@@MEAA?AVFReply@@AEBUFGeometry@@AEBUFMotionEvent@@@Z)
FrostPainter.cpp.obj : error LNK2001: unresolved external symbol "protected: virtual class FReply __cdecl UUserWidget::NativeOnMouseButtonDoubleClick(struct FGeometry const &,struct FPointerEvent const &)" (?NativeOnMouseButtonDoubleClick@UUserWidget@@MEAA?AVFReply@@AEBUFGeometry@@AEBUFPointerEvent@@@Z)
FrostPainter.gen.cpp.obj : error LNK2001: unresolved external symbol "protected: virtual class FReply __cdecl UUserWidget::NativeOnMouseButtonDoubleClick(struct FGeometry const &,struct FPointerEvent const &)" (?NativeOnMouseButtonDoubleClick@UUserWidget@@MEAA?AVFReply@@AEBUFGeometry@@AEBUFPointerEvent@@@Z)
FrostPainter.cpp.obj : error LNK2001: unresolved external symbol "protected: virtual class FReply __cdecl UUserWidget::NativeOnMouseButtonDown(struct FGeometry const &,struct FPointerEvent const &)" (?NativeOnMouseButtonDown@UUserWidget@@MEAA?AVFReply@@AEBUFGeometry@@AEBUFPointerEvent@@@Z)
FrostPainter.gen.cpp.obj : error LNK2001: unresolved external symbol "protected: virtual class FReply __cdecl UUserWidget::NativeOnMouseButtonDown(struct FGeometry const &,struct FPointerEvent const &)" (?NativeOnMouseButtonDown@UUserWidget@@MEAA?AVFReply@@AEBUFGeometry@@AEBUFPointerEvent@@@Z)
FrostPainter.cpp.obj : error LNK2001: unresolved external symbol "protected: virtual class FReply __cdecl UUserWidget::NativeOnMouseButtonUp(struct FGeometry const &,struct FPointerEvent const &)" (?NativeOnMouseButtonUp@UUserWidget@@MEAA?AVFReply@@AEBUFGeometry@@AEBUFPointerEvent@@@Z)
FrostPainter.gen.cpp.obj : error LNK2001: unresolved external symbol "protected: virtual class FReply __cdecl UUserWidget::NativeOnMouseButtonUp(struct FGeometry const &,struct FPointerEvent const &)" (?NativeOnMouseButtonUp@UUserWidget@@MEAA?AVFReply@@AEBUFGeometry@@AEBUFPointerEvent@@@Z)
FrostPainter.cpp.obj : error LNK2001: unresolved external symbol "protected: virtual void __cdecl UUserWidget::NativeOnMouseCaptureLost(struct FCaptureLostEvent const &)" (?NativeOnMouseCaptureLost@UUserWidget@@MEAAXAEBUFCaptureLostEvent@@@Z)
FrostPainter.gen.cpp.obj : error LNK2001: unresolved external symbol "protected: virtual void __cdecl UUserWidget::NativeOnMouseCaptureLost(struct FCaptureLostEvent const &)" (?NativeOnMouseCaptureLost@UUserWidget@@MEAAXAEBUFCaptureLostEvent@@@Z)
FrostPainter.cpp.obj : error LNK2001: unresolved external symbol "protected: virtual void __cdecl UUserWidget::NativeOnMouseEnter(struct FGeometry const &,struct FPointerEvent const &)" (?NativeOnMouseEnter@UUserWidget@@MEAAXAEBUFGeometry@@AEBUFPointerEvent@@@Z)
FrostPainter.gen.cpp.obj : error LNK2001: unresolved external symbol "protected: virtual void __cdecl UUserWidget::NativeOnMouseEnter(struct FGeometry const &,struct FPointerEvent const &)" (?NativeOnMouseEnter@UUserWidget@@MEAAXAEBUFGeometry@@AEBUFPointerEvent@@@Z)
FrostPainter.cpp.obj : error LNK2001: unresolved external symbol "protected: virtual void __cdecl UUserWidget::NativeOnMouseLeave(struct FPointerEvent const &)" (?NativeOnMouseLeave@UUserWidget@@MEAAXAEBUFPointerEvent@@@Z)
FrostPainter.gen.cpp.obj : error LNK2001: unresolved external symbol "protected: virtual void __cdecl UUserWidget::NativeOnMouseLeave(struct FPointerEvent const &)" (?NativeOnMouseLeave@UUserWidget@@MEAAXAEBUFPointerEvent@@@Z)
FrostPainter.cpp.obj : error LNK2001: unresolved external symbol "protected: virtual class FReply __cdecl UUserWidget::NativeOnMouseMove(struct FGeometry const &,struct FPointerEvent const &)" (?NativeOnMouseMove@UUserWidget@@MEAA?AVFReply@@AEBUFGeometry@@AEBUFPointerEvent@@@Z)
FrostPainter.gen.cpp.obj : error LNK2001: unresolved external symbol "protected: virtual class FReply __cdecl UUserWidget::NativeOnMouseMove(struct FGeometry const &,struct FPointerEvent const &)" (?NativeOnMouseMove@UUserWidget@@MEAA?AVFReply@@AEBUFGeometry@@AEBUFPointerEvent@@@Z)
FrostPainter.cpp.obj : error LNK2001: unresolved external symbol "protected: virtual class FReply __cdecl UUserWidget::NativeOnMouseWheel(struct FGeometry const &,struct FPointerEvent const &)" (?NativeOnMouseWheel@UUserWidget@@MEAA?AVFReply@@AEBUFGeometry@@AEBUFPointerEvent@@@Z)
FrostPainter.gen.cpp.obj : error LNK2001: unresolved external symbol "protected: virtual class FReply __cdecl UUserWidget::NativeOnMouseWheel(struct FGeometry const &,struct FPointerEvent const &)" (?NativeOnMouseWheel@UUserWidget@@MEAA?AVFReply@@AEBUFGeometry@@AEBUFPointerEvent@@@Z)
FrostPainter.cpp.obj : error LNK2001: unresolved external symbol "protected: virtual class FNavigationReply __cdecl UUserWidget::NativeOnNavigation(struct FGeometry const &,struct FNavigationEvent const &)" (?NativeOnNavigation@UUserWidget@@MEAA?AVFNavigationReply@@AEBUFGeometry@@AEBUFNavigationEvent@@@Z)
FrostPainter.gen.cpp.obj : error LNK2001: unresolved external symbol "protected: virtual class FNavigationReply __cdecl UUserWidget::NativeOnNavigation(struct FGeometry const &,struct FNavigationEvent const &)" (?NativeOnNavigation@UUserWidget@@MEAA?AVFNavigationReply@@AEBUFGeometry@@AEBUFNavigationEvent@@@Z)
FrostPainter.cpp.obj : error LNK2001: unresolved external symbol "protected: virtual class FNavigationReply __cdecl UUserWidget::NativeOnNavigation(struct FGeometry const &,struct FNavigationEvent const &,class FNavigationReply const &)" (?NativeOnNavigation@UUserWidget@@MEAA?AVFNavigationReply@@AEBUFGeometry@@AEBUFNavigationEvent@@AEBV2@@Z)
FrostPainter.gen.cpp.obj : error LNK2001: unresolved external symbol "protected: virtual class FNavigationReply __cdecl UUserWidget::NativeOnNavigation(struct FGeometry const &,struct FNavigationEvent const &,class FNavigationReply const &)" (?NativeOnNavigation@UUserWidget@@MEAA?AVFNavigationReply@@AEBUFGeometry@@AEBUFNavigationEvent@@AEBV2@@Z)
FrostPainter.cpp.obj : error LNK2001: unresolved external symbol "protected: virtual class FReply __cdecl UUserWidget::NativeOnPreviewKeyDown(struct FGeometry const &,struct FKeyEvent const &)" (?NativeOnPreviewKeyDown@UUserWidget@@MEAA?AVFReply@@AEBUFGeometry@@AEBUFKeyEvent@@@Z)
FrostPainter.gen.cpp.obj : error LNK2001: unresolved external symbol "protected: virtual class FReply __cdecl UUserWidget::NativeOnPreviewKeyDown(struct FGeometry const &,struct FKeyEvent const &)" (?NativeOnPreviewKeyDown@UUserWidget@@MEAA?AVFReply@@AEBUFGeometry@@AEBUFKeyEvent@@@Z)
FrostPainter.cpp.obj : error LNK2001: unresolved external symbol "protected: virtual class FReply __cdecl UUserWidget::NativeOnPreviewMouseButtonDown(struct FGeometry const &,struct FPointerEvent const &)" (?NativeOnPreviewMouseButtonDown@UUserWidget@@MEAA?AVFReply@@AEBUFGeometry@@AEBUFPointerEvent@@@Z)
FrostPainter.gen.cpp.obj : error LNK2001: unresolved external symbol "protected: virtual class FReply __cdecl UUserWidget::NativeOnPreviewMouseButtonDown(struct FGeometry const &,struct FPointerEvent const &)" (?NativeOnPreviewMouseButtonDown@UUserWidget@@MEAA?AVFReply@@AEBUFGeometry@@AEBUFPointerEvent@@@Z)
FrostPainter.cpp.obj : error LNK2001: unresolved external symbol "protected: virtual void __cdecl UUserWidget::NativeOnRemovedFromFocusPath(struct FFocusEvent const &)" (?NativeOnRemovedFromFocusPath@UUserWidget@@MEAAXAEBUFFocusEvent@@@Z)
FrostPainter.gen.cpp.obj : error LNK2001: unresolved external symbol "protected: virtual void __cdecl UUserWidget::NativeOnRemovedFromFocusPath(struct FFocusEvent const &)" (?NativeOnRemovedFromFocusPath@UUserWidget@@MEAAXAEBUFFocusEvent@@@Z)
FrostPainter.cpp.obj : error LNK2001: unresolved external symbol "protected: virtual class FReply __cdecl UUserWidget::NativeOnTouchEnded(struct FGeometry const &,struct FPointerEvent const &)" (?NativeOnTouchEnded@UUserWidget@@MEAA?AVFReply@@AEBUFGeometry@@AEBUFPointerEvent@@@Z)
FrostPainter.gen.cpp.obj : error LNK2001: unresolved external symbol "protected: virtual class FReply __cdecl UUserWidget::NativeOnTouchEnded(struct FGeometry const &,struct FPointerEvent const &)" (?NativeOnTouchEnded@UUserWidget@@MEAA?AVFReply@@AEBUFGeometry@@AEBUFPointerEvent@@@Z)
FrostPainter.cpp.obj : error LNK2001: unresolved external symbol "protected: virtual class FReply __cdecl UUserWidget::NativeOnTouchForceChanged(struct FGeometry const &,struct FPointerEvent const &)" (?NativeOnTouchForceChanged@UUserWidget@@MEAA?AVFReply@@AEBUFGeometry@@AEBUFPointerEvent@@@Z)
FrostPainter.gen.cpp.obj : error LNK2001: unresolved external symbol "protected: virtual class FReply __cdecl UUserWidget::NativeOnTouchForceChanged(struct FGeometry const &,struct FPointerEvent const &)" (?NativeOnTouchForceChanged@UUserWidget@@MEAA?AVFReply@@AEBUFGeometry@@AEBUFPointerEvent@@@Z)
FrostPainter.cpp.obj : error LNK2001: unresolved external symbol "protected: virtual class FReply __cdecl UUserWidget::NativeOnTouchGesture(struct FGeometry const &,struct FPointerEvent const &)" (?NativeOnTouchGesture@UUserWidget@@MEAA?AVFReply@@AEBUFGeometry@@AEBUFPointerEvent@@@Z)
FrostPainter.gen.cpp.obj : error LNK2001: unresolved external symbol "protected: virtual class FReply __cdecl UUserWidget::NativeOnTouchGesture(struct FGeometry const &,struct FPointerEvent const &)" (?NativeOnTouchGesture@UUserWidget@@MEAA?AVFReply@@AEBUFGeometry@@AEBUFPointerEvent@@@Z)
FrostPainter.cpp.obj : error LNK2001: unresolved external symbol "protected: virtual class FReply __cdecl UUserWidget::NativeOnTouchMoved(struct FGeometry const &,struct FPointerEvent const &)" (?NativeOnTouchMoved@UUserWidget@@MEAA?AVFReply@@AEBUFGeometry@@AEBUFPointerEvent@@@Z)
FrostPainter.gen.cpp.obj : error LNK2001: unresolved external symbol "protected: virtual class FReply __cdecl UUserWidget::NativeOnTouchMoved(struct FGeometry const &,struct FPointerEvent const &)" (?NativeOnTouchMoved@UUserWidget@@MEAA?AVFReply@@AEBUFGeometry@@AEBUFPointerEvent@@@Z)
FrostPainter.cpp.obj : error LNK2001: unresolved external symbol "protected: virtual class FReply __cdecl UUserWidget::NativeOnTouchStarted(struct FGeometry const &,struct FPointerEvent const &)" (?NativeOnTouchStarted@UUserWidget@@MEAA?AVFReply@@AEBUFGeometry@@AEBUFPointerEvent@@@Z)
FrostPainter.gen.cpp.obj : error LNK2001: unresolved external symbol "protected: virtual class FReply __cdecl UUserWidget::NativeOnTouchStarted(struct FGeometry const &,struct FPointerEvent const &)" (?NativeOnTouchStarted@UUserWidget@@MEAA?AVFReply@@AEBUFGeometry@@AEBUFPointerEvent@@@Z)
FrostPainter.cpp.obj : error LNK2001: unresolved external symbol "protected: virtual int __cdecl UUserWidget::NativePaint(class FPaintArgs const &,struct FGeometry const &,class FSlateRect const &,class FSlateWindowElementList &,int,class FWidgetStyle const &,bool)const " (?NativePaint@UUserWidget@@MEBAHAEBVFPaintArgs@@AEBUFGeometry@@AEBVFSlateRect@@AEAVFSlateWindowElementList@@HAEBVFWidgetStyle@@_N@Z)
FrostPainter.gen.cpp.obj : error LNK2001: unresolved external symbol "protected: virtual int __cdecl UUserWidget::NativePaint(class FPaintArgs const &,struct FGeometry const &,class FSlateRect const &,class FSlateWindowElementList &,int,class FWidgetStyle const &,bool)const " (?NativePaint@UUserWidget@@MEBAHAEBVFPaintArgs@@AEBUFGeometry@@AEBVFSlateRect@@AEAVFSlateWindowElementList@@HAEBVFWidgetStyle@@_N@Z)
FrostPainter.cpp.obj : error LNK2001: unresolved external symbol "protected: virtual void __cdecl UUserWidget::NativePaint(struct FPaintContext &)const " (?NativePaint@UUserWidget@@MEBAXAEAUFPaintContext@@@Z)
FrostPainter.gen.cpp.obj : error LNK2001: unresolved external symbol "protected: virtual void __cdecl UUserWidget::NativePaint(struct FPaintContext &)const " (?NativePaint@UUserWidget@@MEBAXAEAUFPaintContext@@@Z)
FrostPainter.cpp.obj : error LNK2001: unresolved external symbol "protected: virtual void __cdecl UUserWidget::NativePreConstruct(void)" (?NativePreConstruct@UUserWidget@@MEAAXXZ)
FrostPainter.gen.cpp.obj : error LNK2001: unresolved external symbol "protected: virtual void __cdecl UUserWidget::NativePreConstruct(void)" (?NativePreConstruct@UUserWidget@@MEAAXXZ)
FrostPainter.cpp.obj : error LNK2001: unresolved external symbol "protected: virtual bool __cdecl UUserWidget::NativeSupportsCustomNavigation(void)const " (?NativeSupportsCustomNavigation@UUserWidget@@MEBA_NXZ)
FrostPainter.gen.cpp.obj : error LNK2001: unresolved external symbol "protected: virtual bool __cdecl UUserWidget::NativeSupportsCustomNavigation(void)const " (?NativeSupportsCustomNavigation@UUserWidget@@MEBA_NXZ)
FrostPainter.cpp.obj : error LNK2001: unresolved external symbol "protected: virtual bool __cdecl UUserWidget::NativeSupportsKeyboardFocus(void)const " (?NativeSupportsKeyboardFocus@UUserWidget@@MEBA_NXZ)
FrostPainter.gen.cpp.obj : error LNK2001: unresolved external symbol "protected: virtual bool __cdecl UUserWidget::NativeSupportsKeyboardFocus(void)const " (?NativeSupportsKeyboardFocus@UUserWidget@@MEBA_NXZ)
FrostPainter.cpp.obj : error LNK2001: unresolved external symbol "protected: virtual void __cdecl UUserWidget::NativeTick(struct FGeometry const &,float)" (?NativeTick@UUserWidget@@MEAAXAEBUFGeometry@@M@Z)
FrostPainter.gen.cpp.obj : error LNK2001: unresolved external symbol "protected: virtual void __cdecl UUserWidget::NativeTick(struct FGeometry const &,float)" (?NativeTick@UUserWidget@@MEAAXAEBUFGeometry@@M@Z)
FrostPainter.cpp.obj : error LNK2001: unresolved external symbol "public: virtual bool __cdecl UVisual::NeedsLoadForServer(void)const " (?NeedsLoadForServer@UVisual@@UEBA_NXZ)
FrostPainter.gen.cpp.obj : error LNK2001: unresolved external symbol "public: virtual bool __cdecl UVisual::NeedsLoadForServer(void)const " (?NeedsLoadForServer@UVisual@@UEBA_NXZ)
FrostPainter.cpp.obj : error LNK2001: unresolved external symbol "protected: virtual void __cdecl UUserWidget::OnAnimationFinishedPlaying(class UUMGSequencePlayer &)" (?OnAnimationFinishedPlaying@UUserWidget@@MEAAXAEAVUUMGSequencePlayer@@@Z)
FrostPainter.gen.cpp.obj : error LNK2001: unresolved external symbol "protected: virtual void __cdecl UUserWidget::OnAnimationFinishedPlaying(class UUMGSequencePlayer &)" (?OnAnimationFinishedPlaying@UUserWidget@@MEAAXAEAVUUMGSequencePlayer@@@Z)
FrostPainter.cpp.obj : error LNK2001: unresolved external symbol "protected: virtual void __cdecl UUserWidget::OnAnimationFinished_Implementation(class UWidgetAnimation const *)" (?OnAnimationFinished_Implementation@UUserWidget@@MEAAXPEBVUWidgetAnimation@@@Z)
FrostPainter.gen.cpp.obj : error LNK2001: unresolved external symbol "protected: virtual void __cdecl UUserWidget::OnAnimationFinished_Implementation(class UWidgetAnimation const *)" (?OnAnimationFinished_Implementation@UUserWidget@@MEAAXPEBVUWidgetAnimation@@@Z)
FrostPainter.cpp.obj : error LNK2001: unresolved external symbol "protected: virtual void __cdecl UUserWidget::OnAnimationStartedPlaying(class UUMGSequencePlayer &)" (?OnAnimationStartedPlaying@UUserWidget@@MEAAXAEAVUUMGSequencePlayer@@@Z)
FrostPainter.gen.cpp.obj : error LNK2001: unresolved external symbol "protected: virtual void __cdecl UUserWidget::OnAnimationStartedPlaying(class UUMGSequencePlayer &)" (?OnAnimationStartedPlaying@UUserWidget@@MEAAXAEAVUUMGSequencePlayer@@@Z)
FrostPainter.cpp.obj : error LNK2001: unresolved external symbol "protected: virtual void __cdecl UUserWidget::OnAnimationStarted_Implementation(class UWidgetAnimation const *)" (?OnAnimationStarted_Implementation@UUserWidget@@MEAAXPEBVUWidgetAnimation@@@Z)
FrostPainter.gen.cpp.obj : error LNK2001: unresolved external symbol "protected: virtual void __cdecl UUserWidget::OnAnimationStarted_Implementation(class UWidgetAnimation const *)" (?OnAnimationStarted_Implementation@UUserWidget@@MEAAXPEBVUWidgetAnimation@@@Z)
FrostPainter.cpp.obj : error LNK2001: unresolved external symbol "public: virtual void __cdecl UWidget::OnBeginEditByDesigner(void)" (?OnBeginEditByDesigner@UWidget@@UEAAXXZ)
FrostPainter.gen.cpp.obj : error LNK2001: unresolved external symbol "public: virtual void __cdecl UWidget::OnBeginEditByDesigner(void)" (?OnBeginEditByDesigner@UWidget@@UEAAXXZ)
FrostPainter.cpp.obj : error LNK2001: unresolved external symbol "protected: virtual void __cdecl UWidget::OnBindingChanged(class FName const &)" (?OnBindingChanged@UWidget@@MEAAXAEBVFName@@@Z)
FrostPainter.gen.cpp.obj : error LNK2001: unresolved external symbol "protected: virtual void __cdecl UWidget::OnBindingChanged(class FName const &)" (?OnBindingChanged@UWidget@@MEAAXAEBVFName@@@Z)
FrostPainter.cpp.obj : error LNK2001: unresolved external symbol "public: virtual void __cdecl UWidget::OnCreationFromPalette(void)" (?OnCreationFromPalette@UWidget@@UEAAXXZ)
FrostPainter.gen.cpp.obj : error LNK2001: unresolved external symbol "public: virtual void __cdecl UWidget::OnCreationFromPalette(void)" (?OnCreationFromPalette@UWidget@@UEAAXXZ)
FrostPainter.cpp.obj : error LNK2001: unresolved external symbol "public: virtual void __cdecl UWidget::OnDescendantDeselectedByDesigner(class UWidget *)" (?OnDescendantDeselectedByDesigner@UWidget@@UEAAXPEAV1@@Z)
FrostPainter.gen.cpp.obj : error LNK2001: unresolved external symbol "public: virtual void __cdecl UWidget::OnDescendantDeselectedByDesigner(class UWidget *)" (?OnDescendantDeselectedByDesigner@UWidget@@UEAAXPEAV1@@Z)
FrostPainter.cpp.obj : error LNK2001: unresolved external symbol "public: virtual void __cdecl UWidget::OnDescendantSelectedByDesigner(class UWidget *)" (?OnDescendantSelectedByDesigner@UWidget@@UEAAXPEAV1@@Z)
FrostPainter.gen.cpp.obj : error LNK2001: unresolved external symbol "public: virtual void __cdecl UWidget::OnDescendantSelectedByDesigner(class UWidget *)" (?OnDescendantSelectedByDesigner@UWidget@@UEAAXPEAV1@@Z)
FrostPainter.cpp.obj : error LNK2001: unresolved external symbol "public: virtual void __cdecl UWidget::OnDeselectedByDesigner(void)" (?OnDeselectedByDesigner@UWidget@@UEAAXXZ)
FrostPainter.gen.cpp.obj : error LNK2001: unresolved external symbol "public: virtual void __cdecl UWidget::OnDeselectedByDesigner(void)" (?OnDeselectedByDesigner@UWidget@@UEAAXXZ)
FrostPainter.cpp.obj : error LNK2001: unresolved external symbol "public: virtual void __cdecl UUserWidget::OnDesignerChanged(struct FDesignerChangedEventArgs const &)" (?OnDesignerChanged@UUserWidget@@UEAAXAEBUFDesignerChangedEventArgs@@@Z)
FrostPainter.gen.cpp.obj : error LNK2001: unresolved external symbol "public: virtual void __cdecl UUserWidget::OnDesignerChanged(struct FDesignerChangedEventArgs const &)" (?OnDesignerChanged@UUserWidget@@UEAAXAEBUFDesignerChangedEventArgs@@@Z)
FrostPainter.cpp.obj : error LNK2001: unresolved external symbol "public: virtual void __cdecl UWidget::OnEndEditByDesigner(void)" (?OnEndEditByDesigner@UWidget@@UEAAXXZ)
FrostPainter.gen.cpp.obj : error LNK2001: unresolved external symbol "public: virtual void __cdecl UWidget::OnEndEditByDesigner(void)" (?OnEndEditByDesigner@UWidget@@UEAAXXZ)
FrostPainter.cpp.obj : error LNK2001: unresolved external symbol "protected: virtual void __cdecl UUserWidget::OnLevelRemovedFromWorld(class ULevel *,class UWorld *)" (?OnLevelRemovedFromWorld@UUserWidget@@MEAAXPEAVULevel@@PEAVUWorld@@@Z)
FrostPainter.gen.cpp.obj : error LNK2001: unresolved external symbol "protected: virtual void __cdecl UUserWidget::OnLevelRemovedFromWorld(class ULevel *,class UWorld *)" (?OnLevelRemovedFromWorld@UUserWidget@@MEAAXPEAVULevel@@PEAVUWorld@@@Z)
FrostPainter.cpp.obj : error LNK2001: unresolved external symbol "public: virtual void __cdecl UWidget::OnSelectedByDesigner(void)" (?OnSelectedByDesigner@UWidget@@UEAAXXZ)
FrostPainter.gen.cpp.obj : error LNK2001: unresolved external symbol "public: virtual void __cdecl UWidget::OnSelectedByDesigner(void)" (?OnSelectedByDesigner@UWidget@@UEAAXXZ)
FrostPainter.cpp.obj : error LNK2001: unresolved external symbol "protected: virtual void __cdecl UUserWidget::OnWidgetRebuilt(void)" (?OnWidgetRebuilt@UUserWidget@@MEAAXXZ)
FrostPainter.gen.cpp.obj : error LNK2001: unresolved external symbol "protected: virtual void __cdecl UUserWidget::OnWidgetRebuilt(void)" (?OnWidgetRebuilt@UUserWidget@@MEAAXXZ)
FrostPainter.cpp.obj : error LNK2001: unresolved external symbol "public: virtual void __cdecl UUserWidget::PostDuplicate(bool)" (?PostDuplicate@UUserWidget@@UEAAX_N@Z)
FrostPainter.gen.cpp.obj : error LNK2001: unresolved external symbol "public: virtual void __cdecl UUserWidget::PostDuplicate(bool)" (?PostDuplicate@UUserWidget@@UEAAX_N@Z)
FrostPainter.cpp.obj : error LNK2001: unresolved external symbol "public: virtual void __cdecl UUserWidget::PostEditChangeProperty(struct FPropertyChangedEvent &)" (?PostEditChangeProperty@UUserWidget@@UEAAXAEAUFPropertyChangedEvent@@@Z)
FrostPainter.gen.cpp.obj : error LNK2001: unresolved external symbol "public: virtual void __cdecl UUserWidget::PostEditChangeProperty(struct FPropertyChangedEvent &)" (?PostEditChangeProperty@UUserWidget@@UEAAXAEAUFPropertyChangedEvent@@@Z)
FrostPainter.cpp.obj : error LNK2001: unresolved external symbol "public: virtual void __cdecl UUserWidget::PostEditImport(void)" (?PostEditImport@UUserWidget@@UEAAXXZ)
FrostPainter.gen.cpp.obj : error LNK2001: unresolved external symbol "public: virtual void __cdecl UUserWidget::PostEditImport(void)" (?PostEditImport@UUserWidget@@UEAAXXZ)
FrostPainter.cpp.obj : error LNK2001: unresolved external symbol "public: virtual void __cdecl UUserWidget::PostLoad(void)" (?PostLoad@UUserWidget@@UEAAXXZ)
FrostPainter.gen.cpp.obj : error LNK2001: unresolved external symbol "public: virtual void __cdecl UUserWidget::PostLoad(void)" (?PostLoad@UUserWidget@@UEAAXXZ)
FrostPainter.cpp.obj : error LNK2001: unresolved external symbol "public: virtual void __cdecl UUserWidget::PreSave(class ITargetPlatform const *)" (?PreSave@UUserWidget@@UEAAXPEBVITargetPlatform@@@Z)
FrostPainter.gen.cpp.obj : error LNK2001: unresolved external symbol "public: virtual void __cdecl UUserWidget::PreSave(class ITargetPlatform const *)" (?PreSave@UUserWidget@@UEAAXPEBVITargetPlatform@@@Z)
FrostPainter.cpp.obj : error LNK2001: unresolved external symbol "protected: virtual class TSharedRef<class SWidget,0> __cdecl UWidget::RebuildDesignWidget(class TSharedRef<class SWidget,0>)" (?RebuildDesignWidget@UWidget@@MEAA?AV?$TSharedRef@VSWidget@@$0A@@@V2@@Z)
FrostPainter.gen.cpp.obj : error LNK2001: unresolved external symbol "protected: virtual class TSharedRef<class SWidget,0> __cdecl UWidget::RebuildDesignWidget(class TSharedRef<class SWidget,0>)" (?RebuildDesignWidget@UWidget@@MEAA?AV?$TSharedRef@VSWidget@@$0A@@@V2@@Z)
FrostPainter.cpp.obj : error LNK2001: unresolved external symbol "protected: virtual class TSharedRef<class SWidget,0> __cdecl UUserWidget::RebuildWidget(void)" (?RebuildWidget@UUserWidget@@MEAA?AV?$TSharedRef@VSWidget@@$0A@@@XZ)
FrostPainter.gen.cpp.obj : error LNK2001: unresolved external symbol "protected: virtual class TSharedRef<class SWidget,0> __cdecl UUserWidget::RebuildWidget(void)" (?RebuildWidget@UUserWidget@@MEAA?AV?$TSharedRef@VSWidget@@$0A@@@XZ)
FrostPainter.cpp.obj : error LNK2001: unresolved external symbol "public: virtual void __cdecl UUserWidget::ReleaseSlateResources(bool)" (?ReleaseSlateResources@UUserWidget@@UEAAX_N@Z)
FrostPainter.gen.cpp.obj : error LNK2001: unresolved external symbol "public: virtual void __cdecl UUserWidget::ReleaseSlateResources(bool)" (?ReleaseSlateResources@UUserWidget@@UEAAX_N@Z)
FrostPainter.cpp.obj : error LNK2001: unresolved external symbol "public: virtual void __cdecl UUserWidget::RemoveFromParent(void)" (?RemoveFromParent@UUserWidget@@UEAAXXZ)
FrostPainter.gen.cpp.obj : error LNK2001: unresolved external symbol "public: virtual void __cdecl UUserWidget::RemoveFromParent(void)" (?RemoveFromParent@UUserWidget@@UEAAXXZ)
FrostPainter.cpp.obj : error LNK2001: unresolved external symbol "public: virtual void __cdecl UUserWidget::Serialize(class FArchive &)" (?Serialize@UUserWidget@@UEAAXAEAVFArchive@@@Z)
FrostPainter.gen.cpp.obj : error LNK2001: unresolved external symbol "public: virtual void __cdecl UUserWidget::Serialize(class FArchive &)" (?Serialize@UUserWidget@@UEAAXAEAVFArchive@@@Z)
FrostPainter.cpp.obj : error LNK2001: unresolved external symbol "public: virtual void __cdecl UUserWidget::Serialize(class FStructuredArchiveRecord)" (?Serialize@UUserWidget@@UEAAXVFStructuredArchiveRecord@@@Z)
FrostPainter.gen.cpp.obj : error LNK2001: unresolved external symbol "public: virtual void __cdecl UUserWidget::Serialize(class FStructuredArchiveRecord)" (?Serialize@UUserWidget@@UEAAXVFStructuredArchiveRecord@@@Z)
FrostPainter.cpp.obj : error LNK2001: unresolved external symbol "public: virtual void __cdecl UUserWidget::SetContentForSlot(class FName,class UWidget *)" (?SetContentForSlot@UUserWidget@@UEAAXVFName@@PEAVUWidget@@@Z)
FrostPainter.gen.cpp.obj : error LNK2001: unresolved external symbol "public: virtual void __cdecl UUserWidget::SetContentForSlot(class FName,class UWidget *)" (?SetContentForSlot@UUserWidget@@UEAAXVFName@@PEAVUWidget@@@Z)
FrostPainter.cpp.obj : error LNK2001: unresolved external symbol "public: virtual void __cdecl UUserWidget::SetDesignerFlags(enum EWidgetDesignFlags)" (?SetDesignerFlags@UUserWidget@@UEAAXW4EWidgetDesignFlags@@@Z)
FrostPainter.gen.cpp.obj : error LNK2001: unresolved external symbol "public: virtual void __cdecl UUserWidget::SetDesignerFlags(enum EWidgetDesignFlags)" (?SetDesignerFlags@UUserWidget@@UEAAXW4EWidgetDesignFlags@@@Z)
FrostPainter.cpp.obj : error LNK2001: unresolved external symbol "public: virtual void __cdecl UWidget::SetIsEnabled(bool)" (?SetIsEnabled@UWidget@@UEAAX_N@Z)
FrostPainter.gen.cpp.obj : error LNK2001: unresolved external symbol "public: virtual void __cdecl UWidget::SetIsEnabled(bool)" (?SetIsEnabled@UWidget@@UEAAX_N@Z)
FrostPainter.cpp.obj : error LNK2001: unresolved external symbol "public: virtual void __cdecl UWidget::SetLockedInDesigner(bool)" (?SetLockedInDesigner@UWidget@@UEAAX_N@Z)
FrostPainter.gen.cpp.obj : error LNK2001: unresolved external symbol "public: virtual void __cdecl UWidget::SetLockedInDesigner(bool)" (?SetLockedInDesigner@UWidget@@UEAAX_N@Z)
FrostPainter.cpp.obj : error LNK2001: unresolved external symbol "public: virtual void __cdecl UWidget::SetVisibility(enum ESlateVisibility)" (?SetVisibility@UWidget@@UEAAXW4ESlateVisibility@@@Z)
FrostPainter.gen.cpp.obj : error LNK2001: unresolved external symbol "public: virtual void __cdecl UWidget::SetVisibility(enum ESlateVisibility)" (?SetVisibility@UWidget@@UEAAXW4ESlateVisibility@@@Z)
FrostPainter.cpp.obj : error LNK2001: unresolved external symbol "public: virtual void __cdecl UUserWidget::SynchronizeProperties(void)" (?SynchronizeProperties@UUserWidget@@UEAAXXZ)
FrostPainter.gen.cpp.obj : error LNK2001: unresolved external symbol "public: virtual void __cdecl UUserWidget::SynchronizeProperties(void)" (?SynchronizeProperties@UUserWidget@@UEAAXXZ)
FrostPainter.cpp.obj : error LNK2001: unresolved external symbol "protected: virtual void __cdecl UUserWidget::TemplateInitInner(void)" (?TemplateInitInner@UUserWidget@@MEAAXXZ)
FrostPainter.gen.cpp.obj : error LNK2001: unresolved external symbol "protected: virtual void __cdecl UUserWidget::TemplateInitInner(void)" (?TemplateInitInner@UUserWidget@@MEAAXXZ)
FrostPainter.cpp.obj : error LNK2001: unresolved external symbol "public: virtual void __cdecl UWidget::ValidateCompiledDefaults(class IWidgetCompilerLog &)const " (?ValidateCompiledDefaults@UWidget@@UEBAXAEAVIWidgetCompilerLog@@@Z)
FrostPainter.gen.cpp.obj : error LNK2001: unresolved external symbol "public: virtual void __cdecl UWidget::ValidateCompiledDefaults(class IWidgetCompilerLog &)const " (?ValidateCompiledDefaults@UWidget@@UEBAXAEAVIWidgetCompilerLog@@@Z)
FrostPainter.cpp.obj : error LNK2001: unresolved external symbol "public: virtual void __cdecl UUserWidget::ValidateCompiledWidgetTree(class UWidgetTree const &,class IWidgetCompilerLog &)const " (?ValidateCompiledWidgetTree@UUserWidget@@UEBAXAEBVUWidgetTree@@AEAVIWidgetCompilerLog@@@Z)
FrostPainter.gen.cpp.obj : error LNK2001: unresolved external symbol "public: virtual void __cdecl UUserWidget::ValidateCompiledWidgetTree(class UWidgetTree const &,class IWidgetCompilerLog &)const " (?ValidateCompiledWidgetTree@UUserWidget@@UEBAXAEBVUWidgetTree@@AEAVIWidgetCompilerLog@@@Z)
FrostPainter.cpp.obj : error LNK2001: unresolved external symbol "public: virtual class UObject * __cdecl UUserWidget::_getUObject(void)const " (?_getUObject@UUserWidget@@UEBAPEAVUObject@@XZ)
FrostPainter.gen.cpp.obj : error LNK2001: unresolved external symbol "public: virtual class UObject * __cdecl UUserWidget::_getUObject(void)const " (?_getUObject@UUserWidget@@UEBAPEAVUObject@@XZ)
D:\Graphics_Files\FrostPainterTool\FrostPainterV3\Binaries\Win64\UE4Editor-FrostPainterV3Editor.dll : fatal error LNK1120: 101 unresolved externals
C:\Program Files (x86)\Microsoft Visual Studio\2019\Community\MSBuild\Microsoft\VC\v160\Microsoft.MakeFile.Targets(44,5): error MSB3075: The command ""C:\Program Files\Epic Games\UE_4.24\Engine\Build\BatchFiles\Build.bat" FrostPainterV3Editor Win64 Development -Project="D:\Graphics_Files\FrostPainterTool\FrostPainterV3\FrostPainterV3.uproject" -WaitMutex -FromMsBuild" exited with code 5. Please verify that you have sufficient rights to run this command.
